Arguments: 
  C:\Program Files\nodejs\node.exe C:\Program Files (x86)\Yarn\bin\yarn.js run dev

PATH: 
  C:\Program Files (x86)\Common Files\Oracle\Java\javapath;C:\Python27\;C:\Python27\Scripts;C:\WINDOWS\system32;C:\WINDOWS;C:\WINDOWS\System32\Wbem;C:\WINDOWS\System32\WindowsPowerShell\v1.0\;C:\WINDOWS\System32\OpenSSH\;C:\Program Files\nodejs\;C:\Program Files\Git\cmd;C:\Program Files (x86)\PuTTY\Thais\;C:\Program Files (x86)\Yarn\bin\;C:\Users\Thais Linda\AppData\Local\Microsoft\WindowsApps;C:\Users\Thais Linda\AppData\Local\atom\bin;C:\Users\Thais Linda\AppData\Local\Microsoft\WindowsApps;C:\Users\Thais Linda\AppData\Local\Programs\Microsoft VS Code\bin;C:\Users\Thais Linda\AppData\Roaming\npm;C:\Users\Thais Linda\AppData\Local\Google\Cloud SDK\google-cloud-sdk\bin;C:\Program Files\heroku\bin;C:\Users\Thais Linda\AppData\Local\Yarn\bin

Yarn version: 
  1.22.0

Node version: 
  12.13.0

Platform: 
  win32 x64

Trace: 
  SyntaxError: C:\Users\Thais Linda\juscredit-web\package.json: Unexpected string in JSON at position 214
      at JSON.parse (<anonymous>)
      at C:\Program Files (x86)\Yarn\lib\cli.js:1625:59
      at Generator.next (<anonymous>)
      at step (C:\Program Files (x86)\Yarn\lib\cli.js:310:30)
      at C:\Program Files (x86)\Yarn\lib\cli.js:321:13

npm manifest: 
  {
    "name": "juscredit-web",
    "version": "1.0.0",
    "description": "",
    "main": "index.js",
    "scripts": {
      "scripts": {
        "dev": "next",
        "build": "next build",
        "start": "next start"
      }
      "test": "echo \"Error: no test specified\" && exit 1"
    },
    "keywords": [],
    "author": "",
    "license": "ISC",
    "dependencies": {
      "next": "^9.2.2",
      "react": "^16.13.0",
      "react-dom": "^16.13.0"
    }
  }

yarn manifest: 
  No manifest

Lockfile: 
  No lockfile
